0 info it worked if it ends with ok
1 verbose cli [ '/Users/lyaunzbe/.nvm/versions/node/v5.8.0/bin/node',
1 verbose cli   '/Users/lyaunzbe/.nvm/versions/node/v5.8.0/bin/npm',
1 verbose cli   'run',
1 verbose cli   'build' ]
2 info using npm@3.7.3
3 info using node@v5.8.0
4 verbose run-script [ 'prebuild', 'build', 'postbuild' ]
5 info lifecycle aeolian@1.0.0~prebuild: aeolian@1.0.0
6 silly lifecycle aeolian@1.0.0~prebuild: no script for prebuild, continuing
7 info lifecycle aeolian@1.0.0~build: aeolian@1.0.0
8 verbose lifecycle aeolian@1.0.0~build: unsafe-perm in lifecycle true
9 verbose lifecycle aeolian@1.0.0~build: PATH: /Users/lyaunzbe/.nvm/versions/node/v5.8.0/lib/node_modules/npm/bin/node-gyp-bin:/Users/lyaunzbe/Documents/the_good_stuff/aeolian/node_modules/.bin:/Users/lyaunzbe/.nvm/versions/node/v5.8.0/bin:/Users/lyaunzbe/.nvm/versions/node/v5.8.0/bin:/usr/local/bin:/usr/bin:/bin:/usr/sbin:/sbin
10 verbose lifecycle aeolian@1.0.0~build: CWD: /Users/lyaunzbe/Documents/the_good_stuff/aeolian
11 silly lifecycle aeolian@1.0.0~build: Args: [ '-c',
11 silly lifecycle   'browserify index.js -t babelify -t glslify | uglifyjs -cm > bundle.js' ]
12 silly lifecycle aeolian@1.0.0~build: Returned: code: 1  signal: null
13 info lifecycle aeolian@1.0.0~build: Failed to exec build script
14 verbose stack Error: aeolian@1.0.0 build: `browserify index.js -t babelify -t glslify | uglifyjs -cm > bundle.js`
14 verbose stack Exit status 1
14 verbose stack     at EventEmitter.<anonymous> (/Users/lyaunzbe/.nvm/versions/node/v5.8.0/lib/node_modules/npm/lib/utils/lifecycle.js:239:16)
14 verbose stack     at emitTwo (events.js:100:13)
14 verbose stack     at EventEmitter.emit (events.js:185:7)
14 verbose stack     at ChildProcess.<anonymous> (/Users/lyaunzbe/.nvm/versions/node/v5.8.0/lib/node_modules/npm/lib/utils/spawn.js:24:14)
14 verbose stack     at emitTwo (events.js:100:13)
14 verbose stack     at ChildProcess.emit (events.js:185:7)
14 verbose stack     at maybeClose (internal/child_process.js:850:16)
14 verbose stack     at Process.ChildProcess._handle.onexit (internal/child_process.js:215:5)
15 verbose pkgid aeolian@1.0.0
16 verbose cwd /Users/lyaunzbe/Documents/the_good_stuff/aeolian
17 error Darwin 15.0.0
18 error argv "/Users/lyaunzbe/.nvm/versions/node/v5.8.0/bin/node" "/Users/lyaunzbe/.nvm/versions/node/v5.8.0/bin/npm" "run" "build"
19 error node v5.8.0
20 error npm  v3.7.3
21 error code ELIFECYCLE
22 error aeolian@1.0.0 build: `browserify index.js -t babelify -t glslify | uglifyjs -cm > bundle.js`
22 error Exit status 1
23 error Failed at the aeolian@1.0.0 build script 'browserify index.js -t babelify -t glslify | uglifyjs -cm > bundle.js'.
23 error Make sure you have the latest version of node.js and npm installed.
23 error If you do, this is most likely a problem with the aeolian package,
23 error not with npm itself.
23 error Tell the author that this fails on your system:
23 error     browserify index.js -t babelify -t glslify | uglifyjs -cm > bundle.js
23 error You can get information on how to open an issue for this project with:
23 error     npm bugs aeolian
23 error Or if that isn't available, you can get their info via:
23 error     npm owner ls aeolian
23 error There is likely additional logging output above.
24 verbose exit [ 1, true ]
